Using pre-set license
Built from '2020.3/staging' branch; Version is '2020.3.30f1 (1fb1bf06830e) revision 2077119'; Using compiler version '192528614'; Build Type 'Release'
OS: 'Windows 10  (10.0.19044) 64bit CoreSingleLanguage' Language: 'tr' Physical Memory: 16230 MB
BatchMode: 1, IsHumanControllingUs: 0, StartBugReporterOnCrash: 0, Is64bit: 1, IsPro: 0

COMMAND LINE ARGUMENTS:
C:\Program Files\Unity\Hub\Editor\2020.3.30f1\Editor\Unity.exe
-adb2
-batchMode
-noUpm
-name
AssetImportWorker0
-projectPath
C:/Game/RuinsOfthePast
-logFile
Logs/AssetImportWorker0.log
-srvPort
57332
Successfully changed project path to: C:/Game/RuinsOfthePast
C:/Game/RuinsOfthePast
Using Asset Import Pipeline V2.
Refreshing native plugins compatible for Editor in 37.55 ms, found 2 plugins.
Preloading 0 native plugins for Editor in 0.00 ms.
Initialize engine version: 2020.3.30f1 (1fb1bf06830e)
[Subsystems] Discovering subsystems at path C:/Program Files/Unity/Hub/Editor/2020.3.30f1/Editor/Data/Resources/UnitySubsystems
[Subsystems] Discovering subsystems at path C:/Game/RuinsOfthePast/Assets
GfxDevice: creating device client; threaded=0
Direct3D:
    Version:  Direct3D 11.0 [level 11.1]
    Renderer: NVIDIA GeForce GTX 1060 (ID=0x1c20)
    Vendor:   
    VRAM:     6052 MB
    Driver:   30.0.15.1123
Initialize mono
Mono path[0] = 'C:/Program Files/Unity/Hub/Editor/2020.3.30f1/Editor/Data/Managed'
Mono path[1] = 'C:/Program Files/Unity/Hub/Editor/2020.3.30f1/Editor/Data/MonoBleedingEdge/lib/mono/unityjit'
Mono config path = 'C:/Program Files/Unity/Hub/Editor/2020.3.30f1/Editor/Data/MonoBleedingEdge/etc'
Using monoOptions --debugger-agent=transport=dt_socket,embedding=1,server=y,suspend=n,address=127.0.0.1:56452
Begin MonoManager ReloadAssembly
Registering precompiled unity dll's ...
Register platform support module: C:/Program Files/Unity/Hub/Editor/2020.3.30f1/Editor/Data/PlaybackEngines/WindowsStandaloneSupport/UnityEditor.WindowsStandalone.Extensions.dll
Registered in 0.002343 seconds.
Native extension for WindowsStandalone target not found
Refreshing native plugins compatible for Editor in 37.00 ms, found 2 plugins.
Preloading 0 native plugins for Editor in 0.00 ms.
Mono: successfully reloaded assembly
- Completed reload, in  0.689 seconds
Domain Reload Profiling:
	ReloadAssembly (689ms)
		BeginReloadAssembly (79ms)
			ExecutionOrderSort (0ms)
			DisableScriptedObjects (0ms)
			BackupInstance (0ms)
			ReleaseScriptingObjects (0ms)
			CreateAndSetChildDomain (1ms)
		EndReloadAssembly (526ms)
			LoadAssemblies (76ms)
			RebuildTransferFunctionScriptingTraits (0ms)
			SetupTypeCache (180ms)
			ReleaseScriptCaches (0ms)
			RebuildScriptCaches (35ms)
			SetupLoadedEditorAssemblies (188ms)
				LogAssemblyErrors (0ms)
				InitializePlatformSupportModulesInManaged (5ms)
				SetLoadedEditorAssemblies (0ms)
				RefreshPlugins (37ms)
				BeforeProcessingInitializeOnLoad (16ms)
				ProcessInitializeOnLoadAttributes (97ms)
				ProcessInitializeOnLoadMethodAttributes (32ms)
				AfterProcessingInitializeOnLoad (0ms)
				EditorAssembliesLoaded (0ms)
			ExecutionOrderSort2 (0ms)
			AwakeInstancesAfterBackupRestoration (0ms)
Platform modules already initialized, skipping
Registering precompiled user dll's ...
Registered in 0.004187 seconds.
Begin MonoManager ReloadAssembly
Native extension for WindowsStandalone target not found
Refreshing native plugins compatible for Editor in 0.64 ms, found 2 plugins.
Preloading 0 native plugins for Editor in 0.00 ms.
Mono: successfully reloaded assembly
- Completed reload, in  1.306 seconds
Domain Reload Profiling:
	ReloadAssembly (1307ms)
		BeginReloadAssembly (186ms)
			ExecutionOrderSort (0ms)
			DisableScriptedObjects (6ms)
			BackupInstance (0ms)
			ReleaseScriptingObjects (0ms)
			CreateAndSetChildDomain (24ms)
		EndReloadAssembly (1040ms)
			LoadAssemblies (107ms)
			RebuildTransferFunctionScriptingTraits (0ms)
			SetupTypeCache (323ms)
			ReleaseScriptCaches (0ms)
			RebuildScriptCaches (58ms)
			SetupLoadedEditorAssemblies (446ms)
				LogAssemblyErrors (0ms)
				InitializePlatformSupportModulesInManaged (5ms)
				SetLoadedEditorAssemblies (2ms)
				RefreshPlugins (1ms)
				BeforeProcessingInitializeOnLoad (153ms)
				ProcessInitializeOnLoadAttributes (266ms)
				ProcessInitializeOnLoadMethodAttributes (11ms)
				AfterProcessingInitializeOnLoad (8ms)
				EditorAssembliesLoaded (0ms)
			ExecutionOrderSort2 (0ms)
			AwakeInstancesAfterBackupRestoration (7ms)
Platform modules already initialized, skipping
========================================================================
Worker process is ready to serve import requests
Launched and connected shader compiler UnityShaderCompiler.exe after 0.09 seconds
Refreshing native plugins compatible for Editor in 0.51 ms, found 2 plugins.
Preloading 0 native plugins for Editor in 0.00 ms.
Unloading 1503 Unused Serialized files (Serialized files now loaded: 0)
System memory in use before: 67.6 MB.
System memory in use after: 67.7 MB.

Unloading 16 unused Assets to reduce memory usage. Loaded Objects now: 1937.
Total: 3.581000 ms (FindLiveObjects: 0.139100 ms CreateObjectMapping: 0.060000 ms MarkObjects: 3.301600 ms  DeleteObjects: 0.079100 ms)

AssetImportParameters requested are different than current active one (requested -> active):
  custom:framework-win-MediaFoundation: 216162199b28c13a410421893ffa2e32 -> 
  custom:video-decoder-ogg-theora: a1e56fd34408186e4bbccfd4996cb3dc -> 
  custom:container-muxer-webm: aa71ff27fc2769a1b78a27578f13a17b -> 
  custom:container-demuxer-webm: 4f35f7cbe854078d1ac9338744f61a02 -> 
  custom:container-demuxer-ogg: 62fdf1f143b41e24485cea50d1cbac27 -> 
  custom:video-encoder-webm-vp8: eb34c28f22e8b96e1ab97ce403110664 -> 
  custom:video-decoder-webm-vp8: 9c59270c3fd7afecdb556c50c9e8de78 -> 
  custom:audio-decoder-ogg-vorbis: bf7c407c2cedff20999df2af8eb42d56 -> 
  custom:audio-encoder-webm-vorbis: bf7c407c2cedff20999df2af8eb42d56 -> 
========================================================================
Received Import Request.
  path: Assets/Scenes
  artifactKey: Guid(694466393f43fda4fad3e3c0d99b5e25) Importer(815301076,1909f56bfc062723c751e8b465ee728b)
Start importing Assets/Scenes using Guid(694466393f43fda4fad3e3c0d99b5e25) Importer(815301076,1909f56bfc062723c751e8b465ee728b)  -> (artifact id: '0efee8f493167024177d6b96e36efc67') in 0.012587 seconds 
========================================================================
Received Import Request.
  Time since last request: 1031.438429 seconds.
  path: Assets
  artifactKey: Guid(00000000000000001000000000000000) Importer(815301076,1909f56bfc062723c751e8b465ee728b)
Start importing Assets using Guid(00000000000000001000000000000000) Importer(815301076,1909f56bfc062723c751e8b465ee728b)  -> (artifact id: '42d402b061de3733987d63b9cc3b64de') in 0.018133 seconds 
========================================================================
Received Import Request.
  Time since last request: 11.428708 seconds.
  path: Assets/Scenes/SampleScene.unity
  artifactKey: Guid(9fc0d4010bbf28b4594072e72b8655ab) Importer(815301076,1909f56bfc062723c751e8b465ee728b)
Start importing Assets/Scenes/SampleScene.unity using Guid(9fc0d4010bbf28b4594072e72b8655ab) Importer(815301076,1909f56bfc062723c751e8b465ee728b)  -> (artifact id: '85059f4f9e1a832ed95adaa0d25c5c4c') in 0.032267 seconds 
========================================================================
Received Import Request.
  Time since last request: 4.584101 seconds.
  path: Assets/Scenes/Game_Scene.unity
  artifactKey: Guid(9cb0d7e6e3fb33743aed3d6c678e41e6) Importer(815301076,1909f56bfc062723c751e8b465ee728b)
Start importing Assets/Scenes/Game_Scene.unity using Guid(9cb0d7e6e3fb33743aed3d6c678e41e6) Importer(815301076,1909f56bfc062723c751e8b465ee728b)  -> (artifact id: 'c307a5f4105d3c4eab3ebf54ffe8746a') in 0.016843 seconds 
========================================================================
Received Import Request.
  Time since last request: 490.643612 seconds.
  path: Assets/Models
  artifactKey: Guid(de8dccb3b10aa93449fe95fd4ad66c53) Importer(815301076,1909f56bfc062723c751e8b465ee728b)
Start importing Assets/Models using Guid(de8dccb3b10aa93449fe95fd4ad66c53) Importer(815301076,1909f56bfc062723c751e8b465ee728b)  -> (artifact id: '7bbc1844e631859c6aca1573b6d330e7') in 0.013019 seconds 
========================================================================
Received Import Request.
  Time since last request: 6.079947 seconds.
  path: Assets/Materials
  artifactKey: Guid(f64cca433b7d5724fa5d23206d520c03) Importer(815301076,1909f56bfc062723c751e8b465ee728b)
Start importing Assets/Materials using Guid(f64cca433b7d5724fa5d23206d520c03) Importer(815301076,1909f56bfc062723c751e8b465ee728b)  -> (artifact id: '723ff2582916f17ff83d8500f9a3ae7f') in 0.013932 seconds 
========================================================================
Received Import Request.
  Time since last request: 6.010641 seconds.
  path: Assets/Textures
  artifactKey: Guid(dd40114b9f576f34498d44415b21743a) Importer(815301076,1909f56bfc062723c751e8b465ee728b)
Start importing Assets/Textures using Guid(dd40114b9f576f34498d44415b21743a) Importer(815301076,1909f56bfc062723c751e8b465ee728b)  -> (artifact id: '0924a8e190cf7cd192364ebefc1d57f4') in 0.014634 seconds 
========================================================================
Received Import Request.
  Time since last request: 5.726790 seconds.
  path: Assets/Scripts
  artifactKey: Guid(6a8de1c8e13bcd9488740dc3681b62ca) Importer(815301076,1909f56bfc062723c751e8b465ee728b)
Start importing Assets/Scripts using Guid(6a8de1c8e13bcd9488740dc3681b62ca) Importer(815301076,1909f56bfc062723c751e8b465ee728b)  -> (artifact id: '54e4a57c55a267d8741c9d2d37e1cba2') in 0.014726 seconds 
========================================================================
Received Import Request.
  Time since last request: 17.485746 seconds.
  path: Assets/Animations
  artifactKey: Guid(30e078aa8ca34404d884e1ffa95c71be) Importer(815301076,1909f56bfc062723c751e8b465ee728b)
Start importing Assets/Animations using Guid(30e078aa8ca34404d884e1ffa95c71be) Importer(815301076,1909f56bfc062723c751e8b465ee728b)  -> (artifact id: '63322b82efc43f95a976a197facc977b') in 0.014685 seconds 
========================================================================
Received Import Request.
  Time since last request: 7.508253 seconds.
  path: Assets/Animation_Controllers
  artifactKey: Guid(0a97b8d3689f9fb4bbcbbe92102b2e11) Importer(815301076,1909f56bfc062723c751e8b465ee728b)
Start importing Assets/Animation_Controllers using Guid(0a97b8d3689f9fb4bbcbbe92102b2e11) Importer(815301076,1909f56bfc062723c751e8b465ee728b)  -> (artifact id: 'f5e41d4237da2d6d2a61dbf7ec2c1da1') in 0.013358 seconds 
========================================================================
Received Import Request.
  Time since last request: 45.186924 seconds.
  path: Assets/Models/barrel.fbx
  artifactKey: Guid(aaedc241505650643ac7cb5dff6ee457) Importer(815301076,1909f56bfc062723c751e8b465ee728b)
Start importing Assets/Models/barrel.fbx using Guid(aaedc241505650643ac7cb5dff6ee457) Importer(815301076,1909f56bfc062723c751e8b465ee728b)  -> (artifact id: 'bbe7219b084a3eed9b291914fbecf388') in 0.209157 seconds 
========================================================================
Received Import Request.
  Time since last request: 0.000291 seconds.
  path: Assets/Models/T-Pose.fbx
  artifactKey: Guid(830deb8ab25810b4ab1eb6b948007b57) Importer(815301076,1909f56bfc062723c751e8b465ee728b)
Start importing Assets/Models/T-Pose.fbx using Guid(830deb8ab25810b4ab1eb6b948007b57) Importer(815301076,1909f56bfc062723c751e8b465ee728b)  -> (artifact id: '56e0f1daedd24558fb4cdc6a616f4a75') in 0.069466 seconds 
========================================================================
Received Import Request.
  Time since last request: 0.000244 seconds.
  path: Assets/Models/PİPE FİNAL MODEL.fbx
  artifactKey: Guid(d6efdb5ed6a2207409565b4bfe14802f) Importer(815301076,1909f56bfc062723c751e8b465ee728b)
Start importing Assets/Models/PİPE FİNAL MODEL.fbx using Guid(d6efdb5ed6a2207409565b4bfe14802f) Importer(815301076,1909f56bfc062723c751e8b465ee728b)  -> (artifact id: '4c98c3f478331adf210b8d7c5990aedf') in 0.586503 seconds 
========================================================================
Received Import Request.
  Time since last request: 0.000308 seconds.
  path: Assets/Models/Propeller trial.fbx
  artifactKey: Guid(244c5df3a1bb9284e925636cd36cad42) Importer(815301076,1909f56bfc062723c751e8b465ee728b)
Start importing Assets/Models/Propeller trial.fbx using Guid(244c5df3a1bb9284e925636cd36cad42) Importer(815301076,1909f56bfc062723c751e8b465ee728b)  -> (artifact id: '48ee2bf4c83badb34cde8a58863aafc0') in 0.133364 seconds 
========================================================================
Received Import Request.
  Time since last request: 4.838939 seconds.
  path: Assets/Models/Material.001.mat
  artifactKey: Guid(2e118fa6c8e4e9e488cd3d167bd6b344) Importer(815301076,1909f56bfc062723c751e8b465ee728b)
Start importing Assets/Models/Material.001.mat using Guid(2e118fa6c8e4e9e488cd3d167bd6b344) Importer(815301076,1909f56bfc062723c751e8b465ee728b)  -> (artifact id: '3948dbbddc89c12f3a0d313340649e86') in 0.028224 seconds 
========================================================================
Received Import Request.
  Time since last request: 20.566086 seconds.
  path: Assets/Textures/Barrel_mat.mat
  artifactKey: Guid(2e118fa6c8e4e9e488cd3d167bd6b344) Importer(815301076,1909f56bfc062723c751e8b465ee728b)
Start importing Assets/Textures/Barrel_mat.mat using Guid(2e118fa6c8e4e9e488cd3d167bd6b344) Importer(815301076,1909f56bfc062723c751e8b465ee728b)  -> (artifact id: '171c760ff02ec3b948960538b8c7cbf7') in 0.023494 seconds 
========================================================================
Received Import Request.
  Time since last request: 17.151050 seconds.
  path: Assets/Models/Material.002.mat
  artifactKey: Guid(9407aaea40841294d91bc7aeee94974a) Importer(815301076,1909f56bfc062723c751e8b465ee728b)
Start importing Assets/Models/Material.002.mat using Guid(9407aaea40841294d91bc7aeee94974a) Importer(815301076,1909f56bfc062723c751e8b465ee728b)  -> (artifact id: '934535af275aadadadb3418a76404128') in 0.022524 seconds 
========================================================================
Received Import Request.
  Time since last request: 10.838053 seconds.
  path: Assets/Models/Pipe_Mat.mat
  artifactKey: Guid(9407aaea40841294d91bc7aeee94974a) Importer(815301076,1909f56bfc062723c751e8b465ee728b)
Start importing Assets/Models/Pipe_Mat.mat using Guid(9407aaea40841294d91bc7aeee94974a) Importer(815301076,1909f56bfc062723c751e8b465ee728b)  -> (artifact id: '7e8cd5b4351a78e3e52bd2ab27e3cf40') in 0.022233 seconds 
========================================================================
Received Import Request.
  Time since last request: 25.570783 seconds.
  path: Assets/Models/Material.009.mat
  artifactKey: Guid(28444f8c8c8cb764aa5144bd38953c7d) Importer(815301076,1909f56bfc062723c751e8b465ee728b)
Start importing Assets/Models/Material.009.mat using Guid(28444f8c8c8cb764aa5144bd38953c7d) Importer(815301076,1909f56bfc062723c751e8b465ee728b)  -> (artifact id: '2f5185a7e70d09a34773bdbd7d883dc4') in 0.023034 seconds 
========================================================================
Received Import Request.
  Time since last request: 7.159607 seconds.
  path: Assets/Models/Character_Mat.mat
  artifactKey: Guid(28444f8c8c8cb764aa5144bd38953c7d) Importer(815301076,1909f56bfc062723c751e8b465ee728b)
Start importing Assets/Models/Character_Mat.mat using Guid(28444f8c8c8cb764aa5144bd38953c7d) Importer(815301076,1909f56bfc062723c751e8b465ee728b)  -> (artifact id: '593e13b5b917bc8004e631a074da383e') in 0.022444 seconds 
========================================================================
Received Import Request.
  Time since last request: 29.334340 seconds.
  path: Assets/Textures/PİPE FİNAL ALBEDO.png
  artifactKey: Guid(8a7248667e9f1de41853f22ae23a3faa) Importer(815301076,1909f56bfc062723c751e8b465ee728b)
Start importing Assets/Textures/PİPE FİNAL ALBEDO.png using Guid(8a7248667e9f1de41853f22ae23a3faa) Importer(815301076,1909f56bfc062723c751e8b465ee728b)  -> (artifact id: '9886e4cdc9703c30442d37dd3280f1b8') in 0.156296 seconds 
========================================================================
Received Import Request.
  Time since last request: 0.002005 seconds.
  path: Assets/Textures/PİPE FİNAL NORMAL.png
  artifactKey: Guid(1b2da59840835b746bf3676f4ce359f1) Importer(815301076,1909f56bfc062723c751e8b465ee728b)
Start importing Assets/Textures/PİPE FİNAL NORMAL.png using Guid(1b2da59840835b746bf3676f4ce359f1) Importer(815301076,1909f56bfc062723c751e8b465ee728b)  -> (artifact id: '13f7bc4d70a548c62748222e2e6ae170') in 0.107170 seconds 
========================================================================
Received Import Request.
  Time since last request: 58.349551 seconds.
  path: Assets/Models/pipe.fbx
  artifactKey: Guid(d6efdb5ed6a2207409565b4bfe14802f) Importer(815301076,1909f56bfc062723c751e8b465ee728b)
Start importing Assets/Models/pipe.fbx using Guid(d6efdb5ed6a2207409565b4bfe14802f) Importer(815301076,1909f56bfc062723c751e8b465ee728b)  -> (artifact id: '7802f667002cfb9255458514107a9425') in 0.118699 seconds 
========================================================================
Received Import Request.
  Time since last request: 68.436808 seconds.
  path: Assets/Textures/pipe_final_alb.png
  artifactKey: Guid(248b8f1018cee7e43aff691e3408dbb8) Importer(815301076,1909f56bfc062723c751e8b465ee728b)
Start importing Assets/Textures/pipe_final_alb.png using Guid(248b8f1018cee7e43aff691e3408dbb8) Importer(815301076,1909f56bfc062723c751e8b465ee728b)  -> (artifact id: '908355d82dc4e26f76053dbcb8f25749') in 0.120643 seconds 
========================================================================
Received Import Request.
  Time since last request: 0.000317 seconds.
  path: Assets/Textures/pipe_final_normal.png
  artifactKey: Guid(dd8bf8ad135329c4298b7473fab464ba) Importer(815301076,1909f56bfc062723c751e8b465ee728b)
Start importing Assets/Textures/pipe_final_normal.png using Guid(dd8bf8ad135329c4298b7473fab464ba) Importer(815301076,1909f56bfc062723c751e8b465ee728b)  -> (artifact id: '92ba484825ec0d3dbee75ddf84da1ae3') in 0.099089 seconds 
========================================================================
Received Import Request.
  Time since last request: 24.605330 seconds.
  path: Assets/Models/pipe_model.fbx
  artifactKey: Guid(a119b8c5561cf7e4893468b5fb550407) Importer(815301076,1909f56bfc062723c751e8b465ee728b)
Start importing Assets/Models/pipe_model.fbx using Guid(a119b8c5561cf7e4893468b5fb550407) Importer(815301076,1909f56bfc062723c751e8b465ee728b)  -> (artifact id: '232120f6df9a37356d4b8efc22679bfd') in 0.099249 seconds 
========================================================================
Received Import Request.
  Time since last request: 3.012205 seconds.
  path: Assets/Models/Material.002.mat
  artifactKey: Guid(09cff71c347a7f24cb08d5adaf2c233d) Importer(815301076,1909f56bfc062723c751e8b465ee728b)
Start importing Assets/Models/Material.002.mat using Guid(09cff71c347a7f24cb08d5adaf2c233d) Importer(815301076,1909f56bfc062723c751e8b465ee728b)  -> (artifact id: 'f25b2ffa463f20c2ef23ae8c74119a53') in 0.013564 seconds 
========================================================================
Received Import Request.
  Time since last request: 10.600363 seconds.
  path: Assets/Models/Pipe_Mat.mat
  artifactKey: Guid(09cff71c347a7f24cb08d5adaf2c233d) Importer(815301076,1909f56bfc062723c751e8b465ee728b)
Start importing Assets/Models/Pipe_Mat.mat using Guid(09cff71c347a7f24cb08d5adaf2c233d) Importer(815301076,1909f56bfc062723c751e8b465ee728b)  -> (artifact id: 'b2200005d78d606886bf8c1d9b3928ac') in 0.020473 seconds 
========================================================================
Received Import Request.
  Time since last request: 39.056833 seconds.
  path: Assets/Models/Propeller.fbx
  artifactKey: Guid(3a72e182b67af7e4d893b0e1834f7c17) Importer(815301076,1909f56bfc062723c751e8b465ee728b)
Start importing Assets/Models/Propeller.fbx using Guid(3a72e182b67af7e4d893b0e1834f7c17) Importer(815301076,1909f56bfc062723c751e8b465ee728b)  -> (artifact id: 'e82608e6b6e4aafe583d4fbba5eae1e0') in 0.118676 seconds 
========================================================================
Received Prepare
Refreshing native plugins compatible for Editor in 4.13 ms, found 2 plugins.
Preloading 0 native plugins for Editor in 0.00 ms.
Unloading 9 Unused Serialized files (Serialized files now loaded: 0)
System memory in use before: 55.2 MB.
System memory in use after: 55.4 MB.

Unloading 10 unused Assets to reduce memory usage. Loaded Objects now: 1982.
Total: 6.156100 ms (FindLiveObjects: 0.261700 ms CreateObjectMapping: 0.144000 ms MarkObjects: 5.701600 ms  DeleteObjects: 0.047300 ms)

AssetImportParameters requested are different than current active one (requested -> active):
  custom:framework-win-MediaFoundation: 216162199b28c13a410421893ffa2e32 -> 
  custom:video-decoder-ogg-theora: a1e56fd34408186e4bbccfd4996cb3dc -> 
  custom:container-muxer-webm: aa71ff27fc2769a1b78a27578f13a17b -> 
  custom:container-demuxer-webm: 4f35f7cbe854078d1ac9338744f61a02 -> 
  custom:container-demuxer-ogg: 62fdf1f143b41e24485cea50d1cbac27 -> 
  custom:video-encoder-webm-vp8: eb34c28f22e8b96e1ab97ce403110664 -> 
  custom:video-decoder-webm-vp8: 9c59270c3fd7afecdb556c50c9e8de78 -> 
  custom:audio-decoder-ogg-vorbis: bf7c407c2cedff20999df2af8eb42d56 -> 
  custom:audio-encoder-webm-vorbis: bf7c407c2cedff20999df2af8eb42d56 -> 
========================================================================
Received Import Request.
  Time since last request: 130.840100 seconds.
  path: Assets/Models/Material.002.mat
  artifactKey: Guid(6b7620aa033537040b00ff64f0195bf9) Importer(815301076,1909f56bfc062723c751e8b465ee728b)
Start importing Assets/Models/Material.002.mat using Guid(6b7620aa033537040b00ff64f0195bf9) Importer(815301076,1909f56bfc062723c751e8b465ee728b)  -> (artifact id: 'e2f1137390fab6fb9cae9773e5b487fc') in 0.018533 seconds 
========================================================================
Received Import Request.
  Time since last request: 9.334900 seconds.
  path: Assets/Models/Pipe_Mat.mat
  artifactKey: Guid(6b7620aa033537040b00ff64f0195bf9) Importer(815301076,1909f56bfc062723c751e8b465ee728b)
Start importing Assets/Models/Pipe_Mat.mat using Guid(6b7620aa033537040b00ff64f0195bf9) Importer(815301076,1909f56bfc062723c751e8b465ee728b)  -> (artifact id: '40b5668a8e392792c373c9510d016cdc') in 0.017709 seconds 
========================================================================
Received Import Request.
  Time since last request: 25.960188 seconds.
  path: Assets/Textures/char_al.png
  artifactKey: Guid(89befd54367b3d74dbfd475414974067) Importer(815301076,1909f56bfc062723c751e8b465ee728b)
Start importing Assets/Textures/char_al.png using Guid(89befd54367b3d74dbfd475414974067) Importer(815301076,1909f56bfc062723c751e8b465ee728b)  -> (artifact id: 'bc90507ef678e4bf67c924ee2c665e96') in 0.132148 seconds 
========================================================================
Received Import Request.
  Time since last request: 13.381345 seconds.
  path: Assets/Textures/char_norm.png
  artifactKey: Guid(4f08b50ff1c27c345a034e2b3280d3b6) Importer(815301076,1909f56bfc062723c751e8b465ee728b)
Start importing Assets/Textures/char_norm.png using Guid(4f08b50ff1c27c345a034e2b3280d3b6) Importer(815301076,1909f56bfc062723c751e8b465ee728b)  -> (artifact id: '1726e81cb337c2c46872a40a6eadec52') in 0.095896 seconds 
========================================================================
Received Import Request.
  Time since last request: 14.582679 seconds.
  path: Assets/Textures/barrel_albedo.png
  artifactKey: Guid(c2469ca9460ec5f49a347d80a4d1319e) Importer(815301076,1909f56bfc062723c751e8b465ee728b)
Start importing Assets/Textures/barrel_albedo.png using Guid(c2469ca9460ec5f49a347d80a4d1319e) Importer(815301076,1909f56bfc062723c751e8b465ee728b)  -> (artifact id: '3a5b50f0d3d5f2bfa420aa334c52b8c4') in 0.048178 seconds 
========================================================================
Received Import Request.
  Time since last request: 7.936954 seconds.
  path: Assets/Animations/Run.fbx
  artifactKey: Guid(a108e4a610b5a49438aa59e39efea512) Importer(815301076,1909f56bfc062723c751e8b465ee728b)
Start importing Assets/Animations/Run.fbx using Guid(a108e4a610b5a49438aa59e39efea512) Importer(815301076,1909f56bfc062723c751e8b465ee728b)  -> (artifact id: '611bcbe19bd7f0d58ebcb17f23bce02a') in 0.022462 seconds 
========================================================================
Received Import Request.
  Time since last request: 4.202553 seconds.
  path: Assets/Animations/Idle.fbx
  artifactKey: Guid(6537dbf7ad55555478e50d8e6537a741) Importer(815301076,1909f56bfc062723c751e8b465ee728b)
Start importing Assets/Animations/Idle.fbx using Guid(6537dbf7ad55555478e50d8e6537a741) Importer(815301076,1909f56bfc062723c751e8b465ee728b)  -> (artifact id: '35bf5bd381ab4c0258aa8a1d7699855d') in 0.021576 seconds 
========================================================================
Received Import Request.
  Time since last request: 71.485645 seconds.
  path: Assets/Prefabs/barrel.prefab
  artifactKey: Guid(a3eba23505ad2924085013e7cf57ccd9) Importer(815301076,1909f56bfc062723c751e8b465ee728b)
Start importing Assets/Prefabs/barrel.prefab using Guid(a3eba23505ad2924085013e7cf57ccd9) Importer(815301076,1909f56bfc062723c751e8b465ee728b)  -> (artifact id: 'c67051d92be67d99153500744c858bc4') in 0.028943 seconds 
========================================================================
Received Import Request.
  Time since last request: 15.160028 seconds.
  path: Assets/Prefabs
  artifactKey: Guid(5c7c8c9e453fe044e839a4d84426a767) Importer(815301076,1909f56bfc062723c751e8b465ee728b)
Start importing Assets/Prefabs using Guid(5c7c8c9e453fe044e839a4d84426a767) Importer(815301076,1909f56bfc062723c751e8b465ee728b)  -> (artifact id: '55203151c75594e06237d4ce3cc5614d') in 0.014477 seconds 
========================================================================
Received Import Request.
  Time since last request: 63.891850 seconds.
  path: Assets/Prefabs/pipe_model.prefab
  artifactKey: Guid(49b2bd91384eaa84e948c4fc255ce816) Importer(815301076,1909f56bfc062723c751e8b465ee728b)
Start importing Assets/Prefabs/pipe_model.prefab using Guid(49b2bd91384eaa84e948c4fc255ce816) Importer(815301076,1909f56bfc062723c751e8b465ee728b)  -> (artifact id: '6020bfada094efde2ef6e05c739b9eb5') in 0.023567 seconds 
========================================================================
Received Import Request.
  Time since last request: 76.155613 seconds.
  path: Assets/Textures/pipe_final_normal.png
  artifactKey: Guid(dd8bf8ad135329c4298b7473fab464ba) Importer(815301076,1909f56bfc062723c751e8b465ee728b)
Start importing Assets/Textures/pipe_final_normal.png using Guid(dd8bf8ad135329c4298b7473fab464ba) Importer(815301076,1909f56bfc062723c751e8b465ee728b)  -> (artifact id: '66d9cf2dee0ce26100e82ccd587e6757') in 0.098511 seconds 
========================================================================
Received Import Request.
  Time since last request: 53.334023 seconds.
  path: Assets/Models/final_char.fbx
  artifactKey: Guid(bc592f19bc9a0994eab834eced8f244e) Importer(815301076,1909f56bfc062723c751e8b465ee728b)
Start importing Assets/Models/final_char.fbx using Guid(bc592f19bc9a0994eab834eced8f244e) Importer(815301076,1909f56bfc062723c751e8b465ee728b)  -> (artifact id: '3be8332b3c4122673679e74a368a305e') in 0.047983 seconds 
========================================================================
Received Import Request.
  Time since last request: 89.562455 seconds.
  path: Assets/Models/T-Pose.fbx
  artifactKey: Guid(830deb8ab25810b4ab1eb6b948007b57) Importer(815301076,1909f56bfc062723c751e8b465ee728b)
Start importing Assets/Models/T-Pose.fbx using Guid(830deb8ab25810b4ab1eb6b948007b57) Importer(815301076,1909f56bfc062723c751e8b465ee728b)  -> (artifact id: 'd028042d288b1f664c839c7117db7fc5') in 0.045705 seconds 
========================================================================
Received Import Request.
  Time since last request: 10.752719 seconds.
  path: Assets/Animations/Run.fbx
  artifactKey: Guid(a108e4a610b5a49438aa59e39efea512) Importer(815301076,1909f56bfc062723c751e8b465ee728b)
Start importing Assets/Animations/Run.fbx using Guid(a108e4a610b5a49438aa59e39efea512) Importer(815301076,1909f56bfc062723c751e8b465ee728b)  -> (artifact id: '37d2d294eb73fbc75e247ae8a968f34d') in 0.012906 seconds 
========================================================================
Received Import Request.
  Time since last request: 5.291301 seconds.
  path: Assets/Animations/Run.fbx
  artifactKey: Guid(a108e4a610b5a49438aa59e39efea512) Importer(815301076,1909f56bfc062723c751e8b465ee728b)
Start importing Assets/Animations/Run.fbx using Guid(a108e4a610b5a49438aa59e39efea512) Importer(815301076,1909f56bfc062723c751e8b465ee728b)  -> (artifact id: '8e4aeeb9280285c14f9eadba95b70b67') in 0.013617 seconds 
========================================================================
Received Import Request.
  Time since last request: 20.330047 seconds.
  path: Assets/Animation_Controllers/Char_Animation_Contr.controller
  artifactKey: Guid(d809e81354bc2774eb97cdfa34097885) Importer(815301076,1909f56bfc062723c751e8b465ee728b)
Start importing Assets/Animation_Controllers/Char_Animation_Contr.controller using Guid(d809e81354bc2774eb97cdfa34097885) Importer(815301076,1909f56bfc062723c751e8b465ee728b)  -> (artifact id: '2da0e9230ad8c6ec1d16bd354a30b34a') in 0.018556 seconds 
========================================================================
Received Prepare
Registering precompiled user dll's ...
Registered in 0.005215 seconds.
Begin MonoManager ReloadAssembly
Native extension for WindowsStandalone target not found
Refreshing native plugins compatible for Editor in 0.39 ms, found 2 plugins.
Preloading 0 native plugins for Editor in 0.00 ms.
Mono: successfully reloaded assembly
- Completed reload, in  1.526 seconds
Domain Reload Profiling:
	ReloadAssembly (1526ms)
		BeginReloadAssembly (212ms)
			ExecutionOrderSort (0ms)
			DisableScriptedObjects (8ms)
			BackupInstance (0ms)
			ReleaseScriptingObjects (0ms)
			CreateAndSetChildDomain (84ms)
		EndReloadAssembly (1218ms)
			LoadAssemblies (154ms)
			RebuildTransferFunctionScriptingTraits (0ms)
			SetupTypeCache (439ms)
			ReleaseScriptCaches (1ms)
			RebuildScriptCaches (62ms)
			SetupLoadedEditorAssemblies (428ms)
				LogAssemblyErrors (0ms)
				InitializePlatformSupportModulesInManaged (6ms)
				SetLoadedEditorAssemblies (1ms)
				RefreshPlugins (0ms)
				BeforeProcessingInitializeOnLoad (132ms)
				ProcessInitializeOnLoadAttributes (267ms)
				ProcessInitializeOnLoadMethodAttributes (13ms)
				AfterProcessingInitializeOnLoad (9ms)
				EditorAssembliesLoaded (0ms)
			ExecutionOrderSort2 (0ms)
			AwakeInstancesAfterBackupRestoration (9ms)
Platform modules already initialized, skipping
Switching build target platform(19) subTarget(0) extendedPlatform(0) -> platform(13) subTarget(537395200) extendedPlatform(0)
Refreshing native plugins compatible for Editor in 0.64 ms, found 2 plugins.
Preloading 0 native plugins for Editor in 0.00 ms.
Unloading 1500 Unused Serialized files (Serialized files now loaded: 0)
System memory in use before: 84.6 MB.
System memory in use after: 84.7 MB.

Unloading 11 unused Assets to reduce memory usage. Loaded Objects now: 1984.
Total: 4.752300 ms (FindLiveObjects: 0.246000 ms CreateObjectMapping: 0.111900 ms MarkObjects: 4.362300 ms  DeleteObjects: 0.030400 ms)

AssetImportParameters requested are different than current active one (requested -> active):
  custom:framework-win-MediaFoundation: 216162199b28c13a410421893ffa2e32 -> 
  custom:video-decoder-ogg-theora: a1e56fd34408186e4bbccfd4996cb3dc -> 
  custom:container-muxer-webm: aa71ff27fc2769a1b78a27578f13a17b -> 
  custom:container-demuxer-webm: 4f35f7cbe854078d1ac9338744f61a02 -> 
  custom:container-demuxer-ogg: 62fdf1f143b41e24485cea50d1cbac27 -> 
  custom:video-encoder-webm-vp8: eb34c28f22e8b96e1ab97ce403110664 -> 
  custom:video-decoder-webm-vp8: 9c59270c3fd7afecdb556c50c9e8de78 -> 
  custom:graphics/normal-map-encoding: 01000000000000000000000000000000 -> 02000000000000000000000000000000
  custom:audio-decoder-ogg-vorbis: bf7c407c2cedff20999df2af8eb42d56 -> 
  custom:audio-encoder-webm-vorbis: bf7c407c2cedff20999df2af8eb42d56 -> 
========================================================================
Received Import Request.
  Time since last request: 61.913077 seconds.
  path: Assets/Animations/Run.fbx
  artifactKey: Guid(a108e4a610b5a49438aa59e39efea512) Importer(815301076,1909f56bfc062723c751e8b465ee728b)
Start importing Assets/Animations/Run.fbx using Guid(a108e4a610b5a49438aa59e39efea512) Importer(815301076,1909f56bfc062723c751e8b465ee728b)  -> (artifact id: '544a8956c85b544dec45cff93336cd6a') in 0.046597 seconds 
========================================================================
Received Prepare
Registering precompiled user dll's ...
Registered in 0.005067 seconds.
Begin MonoManager ReloadAssembly
Native extension for WindowsStandalone target not found
Refreshing native plugins compatible for Editor in 0.55 ms, found 2 plugins.
Preloading 0 native plugins for Editor in 0.00 ms.
Mono: successfully reloaded assembly
- Completed reload, in  1.495 seconds
Domain Reload Profiling:
	ReloadAssembly (1496ms)
		BeginReloadAssembly (170ms)
			ExecutionOrderSort (0ms)
			DisableScriptedObjects (7ms)
			BackupInstance (0ms)
			ReleaseScriptingObjects (0ms)
			CreateAndSetChildDomain (42ms)
		EndReloadAssembly (1222ms)
			LoadAssemblies (156ms)
			RebuildTransferFunctionScriptingTraits (0ms)
			SetupTypeCache (445ms)
			ReleaseScriptCaches (1ms)
			RebuildScriptCaches (61ms)
			SetupLoadedEditorAssemblies (404ms)
				LogAssemblyErrors (0ms)
				InitializePlatformSupportModulesInManaged (9ms)
				SetLoadedEditorAssemblies (1ms)
				RefreshPlugins (1ms)
				BeforeProcessingInitializeOnLoad (129ms)
				ProcessInitializeOnLoadAttributes (241ms)
				ProcessInitializeOnLoadMethodAttributes (13ms)
				AfterProcessingInitializeOnLoad (10ms)
				EditorAssembliesLoaded (0ms)
			ExecutionOrderSort2 (0ms)
			AwakeInstancesAfterBackupRestoration (10ms)
Platform modules already initialized, skipping
Switching build target platform(19) subTarget(0) extendedPlatform(0) -> platform(13) subTarget(537395200) extendedPlatform(0)
Refreshing native plugins compatible for Editor in 0.59 ms, found 2 plugins.
Preloading 0 native plugins for Editor in 0.00 ms.
Unloading 1501 Unused Serialized files (Serialized files now loaded: 0)
System memory in use before: 84.7 MB.
System memory in use after: 84.8 MB.

Unloading 11 unused Assets to reduce memory usage. Loaded Objects now: 1987.
Total: 4.396000 ms (FindLiveObjects: 0.236600 ms CreateObjectMapping: 0.108000 ms MarkObjects: 4.015500 ms  DeleteObjects: 0.034500 ms)

AssetImportParameters requested are different than current active one (requested -> active):
  custom:framework-win-MediaFoundation: 216162199b28c13a410421893ffa2e32 -> 
  custom:video-decoder-ogg-theora: a1e56fd34408186e4bbccfd4996cb3dc -> 
  custom:container-muxer-webm: aa71ff27fc2769a1b78a27578f13a17b -> 
  custom:container-demuxer-webm: 4f35f7cbe854078d1ac9338744f61a02 -> 
  custom:container-demuxer-ogg: 62fdf1f143b41e24485cea50d1cbac27 -> 
  custom:video-encoder-webm-vp8: eb34c28f22e8b96e1ab97ce403110664 -> 
  custom:video-decoder-webm-vp8: 9c59270c3fd7afecdb556c50c9e8de78 -> 
  custom:graphics/normal-map-encoding: 01000000000000000000000000000000 -> 02000000000000000000000000000000
  custom:audio-decoder-ogg-vorbis: bf7c407c2cedff20999df2af8eb42d56 -> 
  custom:audio-encoder-webm-vorbis: bf7c407c2cedff20999df2af8eb42d56 -> 
========================================================================
Received Import Request.
  Time since last request: 122.593356 seconds.
  path: Assets/Scripts/Player_Movement.cs
  artifactKey: Guid(490b1d0b91652e14e838c7e7e70464dc) Importer(815301076,1909f56bfc062723c751e8b465ee728b)
Start importing Assets/Scripts/Player_Movement.cs using Guid(490b1d0b91652e14e838c7e7e70464dc) Importer(815301076,1909f56bfc062723c751e8b465ee728b)  -> (artifact id: '3be788f19278e4858b0e380ba889d84b') in 0.018497 seconds 
========================================================================
Received Prepare
Registering precompiled user dll's ...
Registered in 0.004830 seconds.
Begin MonoManager ReloadAssembly
Native extension for WindowsStandalone target not found
Refreshing native plugins compatible for Editor in 0.61 ms, found 2 plugins.
Preloading 0 native plugins for Editor in 0.00 ms.
Mono: successfully reloaded assembly
- Completed reload, in  1.489 seconds
Domain Reload Profiling:
	ReloadAssembly (1490ms)
		BeginReloadAssembly (159ms)
			ExecutionOrderSort (0ms)
			DisableScriptedObjects (6ms)
			BackupInstance (0ms)
			ReleaseScriptingObjects (0ms)
			CreateAndSetChildDomain (44ms)
		EndReloadAssembly (1237ms)
			LoadAssemblies (145ms)
			RebuildTransferFunctionScriptingTraits (0ms)
			SetupTypeCache (409ms)
			ReleaseScriptCaches (1ms)
			RebuildScriptCaches (80ms)
			SetupLoadedEditorAssemblies (422ms)
				LogAssemblyErrors (0ms)
				InitializePlatformSupportModulesInManaged (8ms)
				SetLoadedEditorAssemblies (1ms)
				RefreshPlugins (1ms)
				BeforeProcessingInitializeOnLoad (134ms)
				ProcessInitializeOnLoadAttributes (253ms)
				ProcessInitializeOnLoadMethodAttributes (15ms)
				AfterProcessingInitializeOnLoad (10ms)
				EditorAssembliesLoaded (0ms)
			ExecutionOrderSort2 (0ms)
			AwakeInstancesAfterBackupRestoration (11ms)
Platform modules already initialized, skipping
Switching build target platform(19) subTarget(0) extendedPlatform(0) -> platform(13) subTarget(537395200) extendedPlatform(0)
Refreshing native plugins compatible for Editor in 0.57 ms, found 2 plugins.
Preloading 0 native plugins for Editor in 0.00 ms.
Unloading 1501 Unused Serialized files (Serialized files now loaded: 0)
System memory in use before: 84.7 MB.
System memory in use after: 84.8 MB.

Unloading 11 unused Assets to reduce memory usage. Loaded Objects now: 1989.
Total: 3.599000 ms (FindLiveObjects: 0.227900 ms CreateObjectMapping: 0.104800 ms MarkObjects: 3.240000 ms  DeleteObjects: 0.025000 ms)

AssetImportParameters requested are different than current active one (requested -> active):
  custom:framework-win-MediaFoundation: 216162199b28c13a410421893ffa2e32 -> 
  custom:video-decoder-ogg-theora: a1e56fd34408186e4bbccfd4996cb3dc -> 
  custom:container-muxer-webm: aa71ff27fc2769a1b78a27578f13a17b -> 
  custom:container-demuxer-webm: 4f35f7cbe854078d1ac9338744f61a02 -> 
  custom:container-demuxer-ogg: 62fdf1f143b41e24485cea50d1cbac27 -> 
  custom:video-encoder-webm-vp8: eb34c28f22e8b96e1ab97ce403110664 -> 
  custom:video-decoder-webm-vp8: 9c59270c3fd7afecdb556c50c9e8de78 -> 
  custom:graphics/normal-map-encoding: 01000000000000000000000000000000 -> 02000000000000000000000000000000
  custom:audio-decoder-ogg-vorbis: bf7c407c2cedff20999df2af8eb42d56 -> 
  custom:audio-encoder-webm-vorbis: bf7c407c2cedff20999df2af8eb42d56 -> 
